0000000000000000 a __start__
0000000000000000 T _start
0000000000000000 b _TLS_MODULE_BASE_
0000000000000000 0000000000000004 b fsdev_last_result
0000000000000004 0000000000000004 b g_fsPriority
0000000000000008 0000000000000401 B __nx_dev_path_buf
00000000000000e0 T __nx_exit
00000000000000f0 T __nx_mod0
0000000000000140 0000000000000034 T exit
0000000000000180 0000000000002bbc T main
0000000000002d40 t __do_global_dtors_aux
0000000000002da0 t frame_dummy
0000000000002dd0 00000000000000f0 t logLine
0000000000002ec0 0000000000000018 t _appletInfiniteSleepLoop
0000000000002ee0 0000000000000108 t _appletCmdGetSession
0000000000002ff0 00000000000000cc t _appletCmdInU8NoOut
00000000000030c0 00000000000000cc t _appletCmdInU32NoOut
0000000000003190 000000000000012c t _appletGetSessionProxy.constprop.0
00000000000032c0 0000000000000148 t _appletOpenLibraryAppletProxy.constprop.0
0000000000003410 00000000000000f8 t _appletCmdGetEvent
0000000000003510 00000000000000d4 t _appletCmdNoInOutU8.isra.0
00000000000035f0 00000000000000d4 t _appletCmdNoInOutU32.isra.0
00000000000036d0 00000000000000d4 t _appletCmdNoInOutU64.isra.0
00000000000037b0 00000000000000c0 t _appletCmdNoIO.isra.0
0000000000003870 0000000000000010 T appletGetAppletType
0000000000003880 00000000000001b8 T appletSetFocusHandlingMode
0000000000003a40 000000000000005c T appletSetCpuBoostMode
0000000000003aa0 000000000000002c T appletCreateManagedDisplayLayer
0000000000003ad0 000000000000000c T appletGetAppletResourceUserId
0000000000003ae0 0000000000000138 t _appletHolderCreateState
0000000000003c20 00000000000000b0 T appletHolderClose
0000000000003cd0 0000000000000024 T appletHolderGetLibraryAppletInfo
0000000000003d00 0000000000000090 T appletNotifyRunning
0000000000003d90 0000000000000078 T appletSetGamePlayRecordingState
0000000000003e10 0000000000000ad4 t _appletCleanup
00000000000048f0 0000000000000048 T appletExit
0000000000004940 0000000000000040 T appletGetLibraryAppletInfo
0000000000004980 0000000000000c14 T appletInitialize
00000000000055a0 0000000000000024 t _appletExitProcess
00000000000055d0 0000000000000074 T appletGetMessage
0000000000005650 0000000000000264 T appletProcessMessage
00000000000058c0 0000000000000034 T appletMainLoop
0000000000005900 0000000000000014 T hosversionGet
0000000000005920 0000000000000010 T hosversionSet
0000000000005930 0000000000000208 T envSetup
0000000000005b40 0000000000000020 T envGetMainThreadHandle
0000000000005b60 000000000000000c T envIsNso
0000000000005b70 0000000000000014 T envHasHeapOverride
0000000000005b90 000000000000000c T envGetHeapOverrideAddr
0000000000005ba0 000000000000000c T envGetHeapOverrideSize
0000000000005bb0 0000000000000014 T envHasArgv
0000000000005bd0 000000000000000c T envGetArgv
0000000000005be0 000000000000000c T envGetExitFuncPtr
0000000000005bf0 000000000000000c T envSetExitFuncPtr
0000000000005c00 000000000000000c T envHasRandomSeed
0000000000005c10 0000000000000010 T envGetRandomSeed
0000000000005c20 000000000000009c T padConfigureInput
0000000000005cc0 0000000000000024 T padInitializeWithMask
0000000000005cf0 0000000000000294 T padUpdate
0000000000005f90 000000000000001c W diagAbortWithResult
0000000000005fb0 0000000000000050 t consoleDrawChar
0000000000006000 00000000000000b8 t consoleNewRow
00000000000060c0 0000000000000194 t consolePrintChar.part.0
0000000000006260 0000000000000df8 t con_write
0000000000007060 000000000000000c T consoleGetDefault
0000000000007070 00000000000000e4 T consoleInit
0000000000007160 0000000000000044 T consoleExit
00000000000071b0 000000000000002c T consoleUpdate
00000000000071e0 0000000000000004 T consoleClear
00000000000071f0 00000000000001bc t ConsoleSwRenderer_drawChar
00000000000073b0 00000000000000e8 t ConsoleSwRenderer_init
00000000000074a0 0000000000000078 t ConsoleSwRenderer_flushAndSwap
0000000000007520 00000000000000ec t ConsoleSwRenderer_scrollWindow
0000000000007610 0000000000000050 t ConsoleSwRenderer_deinit
0000000000007660 000000000000000c W getDefaultConsoleRenderer
0000000000007670 0000000000000010 t fsdev_link
0000000000007680 0000000000000010 t fsdev_dirreset
0000000000007690 0000000000000010 t fsdev_chmod
00000000000076a0 0000000000000018 t error_cmp
00000000000076c0 0000000000000020 t fsdev_dirclose
00000000000076e0 000000000000001c t fsdev_close
0000000000007700 0000000000000074 t fsdev_converttimetoutc
0000000000007780 00000000000000d4 t fsdevFindDevice.part.0
0000000000007860 00000000000001cc t fsdev_fixpath
0000000000007a30 000000000000009c t _fsdevUnmountDeviceStruct.part.0
0000000000007ad0 0000000000000010 t fsdev_fchmod
0000000000007ae0 0000000000000100 t fsdev_diropen
0000000000007be0 00000000000000f8 t fsdev_statvfs
0000000000007ce0 000000000000007c t fsdev_fsync
0000000000007d60 00000000000000ec t fsdev_fstat
0000000000007e50 0000000000000094 t fsdev_ftruncate
0000000000007ef0 00000000000001d8 t fsdev_stat
00000000000080d0 000000000000014c t fsdev_rename
0000000000008220 000000000000013c t fsdev_chdir
0000000000008360 00000000000000a4 t fsdev_rmdir
0000000000008410 00000000000000a4 t fsdev_mkdir
00000000000084c0 00000000000000a4 t fsdev_unlink
0000000000008570 000000000000013c t fsdev_write_safe
00000000000086b0 0000000000000134 t fsdev_read_safe
00000000000087f0 0000000000000100 t fsdev_read
00000000000088f0 00000000000001d4 t fsdev_dirnext
0000000000008ad0 0000000000000124 t fsdev_write
0000000000008c00 0000000000000110 t fsdev_seek
0000000000008d10 0000000000000230 t fsdev_open
0000000000008f40 0000000000000324 T fsdevMountDevice
0000000000009270 0000000000000040 T fsdevMountSdmc
00000000000092b0 00000000000000bc T __libnx_init_cwd
0000000000009370 0000000000000064 T fsdevUnmountAll
00000000000093e0 0000000000000128 T decode_utf8
0000000000009508 T svcSetHeapSize
000000000000951c T svcSetMemoryPermission
0000000000009524 T svcSetMemoryAttribute
000000000000952c T svcUnmapMemory
0000000000009534 T svcQueryMemory
0000000000009548 T svcExitProcess
0000000000009550 T svcSleepThread
0000000000009558 T svcMapSharedMemory
0000000000009560 T svcUnmapSharedMemory
0000000000009568 T svcCreateTransferMemory
000000000000957c T svcCloseHandle
0000000000009584 T svcResetSignal
000000000000958c T svcWaitSynchronization
00000000000095a0 T svcArbitrateLock
00000000000095a8 T svcArbitrateUnlock
00000000000095b0 T svcWaitProcessWideKeyAtomic
00000000000095b8 T svcSignalProcessWideKey
00000000000095c0 T svcConnectToNamedPort
00000000000095d4 T svcSendSyncRequest
00000000000095dc T svcBreak
00000000000095e4 T svcReturnFromException
00000000000095ec T svcGetInfo
0000000000009600 T svcUnmapTransferMemory
0000000000009608 T __aarch64_read_tp
0000000000009620 000000000000057c T waitObjects
0000000000009ba0 00000000000000a8 T tmemCreate
0000000000009c50 0000000000000034 T tmemUnmap
0000000000009c90 0000000000000030 T tmemCloseHandle
0000000000009cc0 000000000000009c T tmemWaitForPermission
0000000000009d60 0000000000000050 T tmemClose
0000000000009db0 00000000000000c8 T mutexLock
0000000000009e80 0000000000000068 T mutexUnlock
0000000000009ef0 000000000000001c T mutexIsLockedByCurrentThread
0000000000009f10 0000000000000058 T rmutexLock
0000000000009f70 000000000000001c T rmutexUnlock
0000000000009f90 0000000000000064 t _memregionInitWithInfo
000000000000a000 0000000000000004 W __libnx_virtmem_rng
000000000000a010 0000000000000164 t _memregionFindRandom
000000000000a180 0000000000000140 T virtmemSetup
000000000000a2c0 000000000000000c T virtmemLock
000000000000a2d0 000000000000000c T virtmemUnlock
000000000000a2e0 0000000000000050 T virtmemFindAslr
000000000000a330 000000000000000c T eventLoadRemote
000000000000a340 0000000000000034 T eventWait
000000000000a380 0000000000000054 T eventClose
000000000000a3e0 0000000000000410 T randomGet
000000000000a7f0 0000000000000020 T randomGet64
000000000000a810 00000000000000d4 t _apmCleanup
000000000000a8f0 0000000000000194 T apmInitialize
000000000000aa90 0000000000000048 T apmExit
000000000000aae0 00000000000000c8 T apmSetPerformanceConfiguration
000000000000abb0 00000000000000b4 t _fsCleanup
000000000000ac70 00000000000001c0 t _fsCmdNoIO
000000000000ae30 00000000000001e0 t _fsFsCmdWithInPath
000000000000b010 00000000000001f8 t _fsFsCmdWithTwoInPaths
000000000000b210 000000000000028c t _fsFsOpenCommon
000000000000b4a0 00000000000001fc t _fsFsCmdWithInPathAndOutU64
000000000000b6a0 00000000000000f8 t _fsObjectClose
000000000000b7a0 000000000000017c t _fsCmdGetSession.constprop.0
000000000000b920 00000000000002f8 T fsInitialize
000000000000bc20 0000000000000048 T fsExit
000000000000bc70 0000000000000008 T fsOpenSdCardFileSystem
000000000000bc80 00000000000001ec T fsFsCreateFile
000000000000be70 0000000000000008 T fsFsDeleteFile
000000000000be80 0000000000000008 T fsFsCreateDirectory
000000000000be90 0000000000000008 T fsFsDeleteDirectory
000000000000bea0 0000000000000008 T fsFsRenameFile
000000000000beb0 0000000000000008 T fsFsRenameDirectory
000000000000bec0 00000000000001f0 T fsFsGetEntryType
000000000000c0b0 0000000000000008 T fsFsOpenFile
000000000000c0c0 0000000000000008 T fsFsOpenDirectory
000000000000c0d0 0000000000000008 T fsFsGetFreeSpace
000000000000c0e0 0000000000000008 T fsFsGetTotalSpace
000000000000c0f0 0000000000000230 T fsFsGetFileTimeStampRaw
000000000000c320 0000000000000004 T fsFsClose
000000000000c330 0000000000000214 T fsFileRead
000000000000c550 00000000000001f8 T fsFileWrite
000000000000c750 0000000000000008 T fsFileFlush
000000000000c760 00000000000001c0 T fsFileSetSize
000000000000c760 00000000000001c0 t fsFileSetSize.localalias
000000000000c920 00000000000001d4 T fsFileGetSize
000000000000c920 00000000000001d4 t fsFileGetSize.localalias
000000000000cb00 0000000000000004 T fsFileClose
000000000000cb10 0000000000000004 T fsDirClose
000000000000cb20 0000000000000204 T fsDirRead
000000000000cd30 00000000000000cc t _smCmifCmdInPid
000000000000ce00 0000000000000078 t _smCleanup
000000000000ce80 0000000000000048 T smAddOverrideHandle
000000000000ced0 0000000000000054 T smGetServiceOverride
000000000000cf30 00000000000001ac T smInitialize
000000000000d0e0 0000000000000048 T smExit
000000000000d130 00000000000000d0 T smGetServiceOriginal
000000000000d200 0000000000000120 T smGetServiceWrapper
000000000000d320 000000000000027c t _timeCleanup
000000000000d5a0 0000000000000100 t _timeCmdGetSession.constprop.0
000000000000d6a0 0000000000000104 t _timeReadClockFromSharedMem
000000000000d7b0 0000000000000300 T timeInitialize
000000000000dab0 0000000000000048 T timeExit
000000000000db00 0000000000000038 T timeGetServiceSession_SystemClock
000000000000db40 00000000000000fc T timeGetCurrentTime
000000000000dc40 0000000000000108 T timeToCalendarTimeWithMyRule
000000000000dd50 0000000000000114 T timeToPosixTimeWithMyRule
000000000000de70 000000000000012c t _hidCleanup
000000000000dfa0 00000000000000d4 t _hidCmdInAruidNoOut
000000000000e080 00000000000000e0 t _hidCmdInU32AruidNoOut
000000000000e160 0000000000000194 t _hidGetStates
000000000000e300 000000000000026c T hidInitialize
000000000000e570 0000000000000048 T hidExit
000000000000e5c0 000000000000000c T hidGetSharedmemAddr
000000000000e5d0 0000000000000090 T hidGetNpadStyleSet
000000000000e660 0000000000000084 T hidInitializeNpad
000000000000e6f0 00000000000000a4 T hidGetNpadStatesFullKey
000000000000e7a0 00000000000000a4 T hidGetNpadStatesHandheld
000000000000e850 00000000000000a4 T hidGetNpadStatesJoyDual
000000000000e900 00000000000000a4 T hidGetNpadStatesJoyLeft
000000000000e9b0 00000000000000a4 T hidGetNpadStatesJoyRight
000000000000ea60 0000000000000144 T hidGetNpadStatesGc
000000000000ebb0 00000000000000a8 T hidGetNpadStatesSystemExt
000000000000ec60 0000000000000008 T hidSetSupportedNpadStyleSet
000000000000ec70 0000000000000100 T hidSetSupportedNpadIdType
000000000000ed70 000000000000008c T framebufferMakeLinear
000000000000ee00 0000000000000084 T framebufferClose
000000000000ee90 0000000000000290 T framebufferCreate
000000000000f120 000000000000007c T framebufferBegin
000000000000f1a0 0000000000000190 T framebufferEnd
000000000000f330 000000000000000c T nwindowGetDefault
000000000000f340 00000000000000a4 T __nx_win_init
000000000000f3f0 0000000000000034 T __nx_win_exit
000000000000f430 0000000000000024 T nwindowIsValid
000000000000f460 000000000000007c T nwindowClose
000000000000f4e0 00000000000000f8 T nwindowCreate
000000000000f5e0 0000000000000038 T nwindowCreateFromLayer
000000000000f620 0000000000000084 T nwindowSetDimensions
000000000000f6b0 0000000000000180 T nwindowConfigureBuffer
000000000000f830 00000000000001cc T nwindowDequeueBuffer
000000000000fa00 000000000000012c T nwindowQueueBuffer
000000000000fb30 00000000000000bc T nwindowReleaseBuffers
000000000000fbf0 00000000000001fc T __nx_dynamic
000000000000fdf0 00000000000000d0 W __libnx_initheap
000000000000fec0 00000000000000ec W __appInit
000000000000ffb0 0000000000000044 W __appExit
0000000000010000 000000000000002c W __libnx_init
0000000000010030 000000000000001c W __libnx_exit
0000000000010050 0000000000000004 W __libnx_alloc
0000000000010060 0000000000000014 W __libnx_aligned_alloc
0000000000010080 0000000000000004 W __libnx_free
0000000000010090 000000000000001c T __syscall_exit
00000000000100b0 0000000000000034 T __syscall_getreent
00000000000100f0 0000000000000004 T __syscall_lock_acquire
0000000000010100 0000000000000004 T __syscall_lock_release
0000000000010110 0000000000000004 T __syscall_lock_acquire_recursive
0000000000010120 0000000000000004 T __syscall_lock_release_recursive
0000000000010130 000000000000025c T __libnx_init_time
0000000000010390 0000000000000098 T newlibSetup
0000000000010430 0000000000000314 W argvSetup
0000000000010744 T armDCacheFlush
0000000000010774 t armDCacheFlush_L0
0000000000010790 W __libnx_exception_entry
000000000001081c t __libnx_exception_entry_start
0000000000010944 t __libnx_exception_entry_abort
0000000000010948 t __libnx_exception_entry_end
0000000000010950 T __libnx_exception_returnentry
0000000000010970 0000000000000014 T shmemLoadRemote
0000000000010990 0000000000000070 T shmemMap
0000000000010a00 0000000000000034 T shmemUnmap
0000000000010a40 000000000000004c T shmemClose
0000000000010a90 0000000000000070 T condvarWaitTimeout
0000000000010b00 00000000000000b0 T __libnx_init_thread
0000000000010bb0 0000000000000184 T sessionmgrCreate
0000000000010d40 0000000000000084 T sessionmgrClose
0000000000010dd0 00000000000000a8 T sessionmgrAttachClient
0000000000010e80 0000000000000060 T sessionmgrDetachClient
0000000000010ee0 0000000000000230 t _viCleanup
0000000000011110 0000000000000100 t _viCmdGetSessionNoParams.constprop.0
0000000000011210 0000000000000368 T viInitialize
0000000000011580 0000000000000048 T viExit
00000000000115d0 000000000000000c T viGetSession_IHOSBinderDriverRelay
00000000000115e0 000000000000010c T viOpenDisplay
00000000000116f0 00000000000000ec T viCloseDisplay
00000000000117e0 00000000000000f4 T viCloseLayer
00000000000118e0 0000000000000394 T viCreateLayer
0000000000011c80 00000000000000d8 T viSetLayerScalingMode
0000000000011d60 00000000000000d0 t _setsysGetFirmwareVersionImpl
0000000000011e30 0000000000000078 t _setsysCleanup
0000000000011eb0 00000000000000a0 T setsysInitialize
0000000000011f50 0000000000000048 T setsysExit
0000000000011fa0 0000000000000048 T setsysGetFirmwareVersion
0000000000011ff0 00000000000000d0 t _nvCleanup
00000000000120c0 00000000000000d4 t _nvCmdInitialize.constprop.0
00000000000121a0 0000000000000018 W __nx_nv_create_tmem
00000000000121c0 00000000000003a8 T nvInitialize
0000000000012570 0000000000000048 T nvExit
00000000000125c0 00000000000000f4 T nvConvertError
00000000000126c0 0000000000000114 T nvOpen
00000000000127e0 0000000000000310 T nvIoctl
0000000000012af0 00000000000000d4 T nvClose
0000000000012bd0 000000000000010c T nvQueryEvent
0000000000012ce0 0000000000000074 t _nvFenceCleanup
0000000000012d60 0000000000000098 T nvFenceInit
0000000000012e00 0000000000000048 T nvFenceExit
0000000000012e50 0000000000000290 T nvFenceWait
00000000000130e0 000000000000007c T nvMultiFenceWait
0000000000013160 00000000000000ac T nvMapInit
0000000000013210 0000000000000074 T nvMapExit
0000000000013290 000000000000008c T nvMapClose
0000000000013320 0000000000000160 T nvMapCreate
0000000000013480 0000000000000024 T nvioctlNvhostCtrl_EventSignal
00000000000134b0 000000000000003c T nvioctlNvhostCtrl_EventWait
00000000000134f0 0000000000000028 T nvioctlNvhostCtrl_EventWaitAsync
0000000000013520 0000000000000024 T nvioctlNvhostCtrl_EventRegister
0000000000013550 0000000000000024 T nvioctlNvhostCtrl_EventUnregister
0000000000013580 000000000000003c T nvioctlNvmap_Create
00000000000135c0 0000000000000030 T nvioctlNvmap_Alloc
00000000000135f0 0000000000000030 T nvioctlNvmap_Free
0000000000013620 000000000000003c T nvioctlNvmap_GetId
0000000000013660 00000000000000c8 T bqRequestBuffer
0000000000013730 0000000000000128 T bqDequeueBuffer
0000000000013860 00000000000000c8 T bqQueueBuffer
0000000000013930 0000000000000084 T bqCancelBuffer
00000000000139c0 00000000000000d0 T bqConnect
0000000000013a90 0000000000000088 T bqDisconnect
0000000000013b20 0000000000000194 T bqSetPreallocatedBuffer
0000000000013cc0 000000000000001c T binderCreate
0000000000013ce0 000000000000035c T binderTransactParcel
0000000000014040 00000000000000e8 T binderConvertErrorCode
0000000000014130 0000000000000124 T binderAdjustRefcount
0000000000014260 000000000000009c T binderInitSession
0000000000014300 000000000000005c T binderClose
0000000000014360 0000000000000154 T binderGetNativeHandle
00000000000144c0 0000000000000030 T parcelCreate
00000000000144f0 0000000000000174 T parcelTransact
0000000000014670 0000000000000080 T parcelWriteData
00000000000146f0 0000000000000088 T parcelReadData
0000000000014780 0000000000000020 T parcelWriteInt32
00000000000147a0 0000000000000020 T parcelWriteUInt32
00000000000147c0 000000000000007c T parcelWriteString16
0000000000014840 0000000000000030 T parcelWriteInterfaceToken
0000000000014870 0000000000000024 T parcelReadInt32
00000000000148a0 0000000000000068 T parcelReadFlattenedObject
0000000000014910 0000000000000044 T parcelWriteFlattenedObject
0000000000014960 00000000000000e8 T nxlinkSetup
0000000000014a60 0000000000000184 T _fgets_r
0000000000014c00 0000000000000034 T fgets
0000000000014c40 0000000000000130 T _fclose_r
0000000000014d80 000000000000001c T fclose
0000000000014dc0 0000000000000104 T memset
0000000000014ee0 0000000000000034 T setenv
0000000000014f20 0000000000000080 T fprintf
0000000000014fc0 0000000000000134 T strcmp
0000000000015100 00000000000000f4 T _fwrite_r
0000000000015200 0000000000000034 T fwrite
0000000000015240 000000000000005c T strcspn
00000000000152c0 00000000000001b4 T strncmp
0000000000015480 00000000000000dc T memchr
0000000000015560 000000000000001c t stdio_exit_handler
0000000000015580 000000000000006c t cleanup_stdio
0000000000015600 0000000000000134 t global_stdio_init.part.0
0000000000015740 000000000000000c T __sfp_lock_acquire
0000000000015760 000000000000000c T __sfp_lock_release
0000000000015780 0000000000000138 T __sfp
00000000000158c0 0000000000000054 T __sinit
0000000000015920 00000000000001a4 t _strtoul_l.isra.0
0000000000015ae0 0000000000000034 T _strtoul_r
0000000000015b20 0000000000000040 T strtoul
0000000000015b60 00000000000000a4 T __libc_init_array
0000000000015c20 0000000000000088 T strncat
0000000000015cc0 0000000000000098 T _fwalk_sglue
0000000000015d60 00000000000000b4 T bsearch
0000000000015e20 0000000000000014 T __errno
0000000000015e40 000000000000002c T aligned_alloc
0000000000015e80 00000000000000d4 T _puts_r
0000000000015f60 000000000000001c T puts
0000000000015f80 000000000000022c T memcpy
0000000000015f80 T memmove
00000000000161ac 0000000000000790 t get_arg
000000000001693c 0000000000003bd4 T _vfprintf_r
000000000001a510 0000000000000044 T vfprintf
000000000001a554 00000000000000d0 t __sbprintf
000000000001a640 0000000000000020 T putchar
000000000001a660 0000000000000840 T _malloc_r
000000000001aea0 00000000000001a4 t quorem
000000000001b060 0000000000001320 T _dtoa_r
000000000001c380 00000000000000d0 T _wcrtomb_r
000000000001c460 000000000000011c T _malloc_trim_r
000000000001c580 00000000000002d8 T _free_r
000000000001c860 0000000000000080 T printf
000000000001c8e0 000000000000001c T atoi
000000000001c900 00000000000002c0 t _strtol_l.part.0
000000000001cbc0 0000000000000070 T _strtol_r
000000000001cc40 0000000000000078 T strtol
000000000001ccc0 0000000000000038 T malloc
000000000001cd00 000000000000001c T free
000000000001cd20 00000000000001ec T __sflush_r
000000000001cf20 00000000000000bc T _fflush_r
000000000001cfe0 0000000000000038 t lflush
000000000001d020 0000000000000190 T __srefill_r
000000000001d1c0 00000000000000b0 T __swhatbuf_r
000000000001d280 00000000000000e8 T __smakebuf_r
000000000001d380 0000000000000028 T gmtime
000000000001d3c0 0000000000000130 T strlen
000000000001d500 00000000000000b8 T strnlen
000000000001d5c0 000000000000000c T __malloc_lock
000000000001d5e0 000000000000000c T __malloc_unlock
000000000001d600 00000000000000a8 T fputc
000000000001d6c0 0000000000000258 T _setenv_r
000000000001d920 0000000000000004 W __call_exitprocs
000000000001d940 0000000000000278 T setvbuf
000000000001dbc0 0000000000000120 T _fopen_r
000000000001dce0 000000000000002c T fopen
000000000001dd20 00000000000000ac T strncpy
000000000001dde0 0000000000000010 T _wcsrtombs_r
000000000001de00 00000000000000b0 T sscanf
000000000001dec0 000000000000012c T __swsetup_r
000000000001e000 000000000000007c T frexp
000000000001e080 00000000000004a4 T __sfvwrite_r
000000000001e540 000000000000004c T __sread
000000000001e5a0 0000000000000008 T __seofread
000000000001e5c0 0000000000000070 T __swrite
000000000001e640 0000000000000050 T __sseek
000000000001e6a0 0000000000000008 T __sclose
000000000001e6c0 000000000000000c T __env_lock
000000000001e6e0 000000000000000c T __env_unlock
000000000001e700 0000000000000064 T __assert_func
000000000001e780 00000000000000a4 T _Balloc
000000000001e840 0000000000000020 T _Bfree
000000000001e860 0000000000000118 T __multadd
000000000001e980 0000000000000144 T __s2b
000000000001eae0 0000000000000094 T __hi0bits
000000000001eb80 0000000000000100 T __lo0bits
000000000001ec80 000000000000004c T __i2b
000000000001ece0 0000000000000210 T __multiply
000000000001ef00 0000000000000104 T __pow5mult
000000000001f020 0000000000000174 T __lshift
000000000001f1a0 0000000000000050 T __mcmp
000000000001f200 00000000000001c4 T __mdiff
000000000001f3e0 0000000000000084 T __ulp
000000000001f480 0000000000000168 T __b2d
000000000001f600 000000000000014c T __d2b
000000000001f760 00000000000000b0 T __ratio
000000000001f820 0000000000000074 T __copybits
000000000001f8a0 0000000000000068 T __any_on
000000000001f920 000000000000002c T __locale_mb_cur_max
000000000001f960 00000000000000c8 T __ssprint_r
000000000001fa40 00000000000002a0 T gmtime_r
000000000001fce0 0000000000000080 T fiprintf
000000000001fd60 000000000000018c T _memalign_r
000000000001ff00 0000000000000188 T _wcsnrtombs_l
00000000000200a0 0000000000000054 T _wcsnrtombs_r
0000000000020100 00000000000000e4 T _putc_r
0000000000020200 00000000000002dc T __utf8_mbtowc
00000000000204e0 0000000000000038 T __sprint_r
0000000000020540 00000000000000cc T strchr
0000000000020620 0000000000000018 T abort
0000000000020640 0000000000000008 T __localeconv_l
0000000000020660 0000000000000028 T _localeconv_r
00000000000206a0 00000000000000bc T _calloc_r
0000000000020760 0000000000000004 T _fseek_r
0000000000020780 00000000000000b8 T __sflags
0000000000020840 0000000000000044 T __libc_fini_array
00000000000208a0 00000000000000f4 T _findenv_r
00000000000209a0 0000000000000568 T _realloc_r
0000000000020f20 0000000000000188 T __ssputs_r
00000000000210a8 0000000000000074 t get_arg
000000000002111c 0000000000003260 T __ssvfscanf_r
0000000000024380 00000000000000e0 T __utf8_wctomb
0000000000024460 00000000000001a4 t _strtoull_l.isra.0
0000000000024620 0000000000000034 T _strtoull_r
0000000000024660 00000000000000d8 T _mbrtowc_r
0000000000024740 000000000000000c T nanf
0000000000024760 000000000000009c T _raise_r
0000000000024800 000000000000001c T raise
0000000000024820 00000000000002c0 t _strtoll_l.isra.0
0000000000024ae0 0000000000000034 T _strtoll_r
0000000000024b20 0000000000000058 t sulp
0000000000024b80 00000000000012f4 T _strtod_l
0000000000025e80 0000000000000040 T _strtod_r
0000000000025ec0 0000000000000790 t get_arg
0000000000026650 0000000000002964 T _vfiprintf_r
0000000000028fb4 00000000000000d0 t __sbprintf
00000000000290a0 0000000000000118 T __swbuf_r
00000000000291b8 00000000000000f0 T _sungetc_r
00000000000292a8 0000000000000070 T __ssrefill_r
0000000000029318 00000000000000dc T _sfread_r
0000000000029400 0000000000000110 t rshift
0000000000029520 0000000000000860 T __gethex
0000000000029d80 000000000000009c T sprintf
0000000000029e20 00000000000004c0 T _fseeko_r
000000000002a2e0 0000000000000008 T iswspace
000000000002a300 000000000000002c T realloc
000000000002a32c 0000000000000790 t get_arg
000000000002aabc 0000000000003a84 T _svfprintf_r
000000000002e540 00000000000000d0 T __sccl
000000000002e620 00000000000000ac T stpncpy
000000000002e6e0 0000000000000048 T __match
000000000002e740 000000000000025c T __hexnan
000000000002e9a0 000000000000000c T nan
000000000002e9c0 0000000000000048 T iswspace_l
000000000002ea20 00000000000000b8 T __submore
000000000002eae0 0000000000000084 T category
000000000002eb80 0000000000000020 T _exit
000000000002eba0 000000000000016c T chdir
000000000002ed20 0000000000000218 T _concatenate_path
000000000002ef40 0000000000000110 T opendir
000000000002f060 00000000000000ac T closedir
000000000002f120 000000000000009c T _fstat_r
000000000002f1c0 0000000000000010 T _getpid_r
000000000002f1e0 0000000000000020 T __getreent
000000000002f200 00000000000000a0 T __release_handle
000000000002f2a0 0000000000000130 T __alloc_handle
000000000002f3e0 0000000000000060 T __get_handle
000000000002f440 00000000000000f4 T _close_r
000000000002f540 0000000000000008 t null_write
000000000002f560 0000000000000018 T setDefaultDevice
000000000002f580 0000000000000110 T FindDevice
000000000002f6a0 0000000000000034 T RemoveDevice
000000000002f6e0 00000000000000c4 T AddDevice
000000000002f7c0 0000000000000034 T GetDeviceOpTab
000000000002f800 0000000000000008 T _isatty_r
000000000002f820 0000000000000010 T _kill_r
000000000002f840 00000000000000a0 T _lseek_r
000000000002f8e0 0000000000000088 T mkdir
000000000002f980 00000000000000f0 T _open_r
000000000002fa80 00000000000000b0 T _read_r
000000000002fb40 0000000000000078 W _sbrk_r
000000000002fbc0 0000000000000014 T __libc_lock_acquire
000000000002fbe0 0000000000000014 T __libc_lock_release
000000000002fc00 0000000000000014 T __libc_lock_acquire_recursive
000000000002fc20 0000000000000014 T __libc_lock_release_recursive
000000000002fc40 00000000000000b0 T _write_r
000000000002fd00 0000000000000134 t __extenddftf2
000000000002fe40 0000000000000380 t __trunctfdf2
00000000000301c0 0000000000000070 t __sfp_handle_exceptions
0000000000030240 0000000000000104 T strrchr
0000000000030348 T _init
0000000000030380 T _fini
0000000000032110 0000000000000014 r CSWTCH.1000
00000000000322a0 0000000000000018 r grayScale
00000000000322b8 0000000000000006 r colorCube
00000000000322c0 0000000000000030 r colorTable
00000000000322f0 0000000000000020 r error_table
0000000000032310 R default_font_bin
0000000000034310 R default_font_bin_end
0000000000034310 0000000000000038 r g_nvColorFmtTable
0000000000034348 0000000000000024 r s_emptyFence.0
0000000000034380 0000000000000023 r g_bq_InterfaceDescriptor
0000000000034530 0000000000000010 r zeroes.0
0000000000034540 0000000000000010 r blanks.1
0000000000034580 0000000000000101 R _ctype_
0000000000034688 000000000000006c R __action_table
00000000000346f8 000000000000006c R __state_table
0000000000034768 0000000000000100 R __chclass
0000000000034868 000000000000000c r p05.0
0000000000034878 0000000000000028 R __mprec_bigtens
00000000000348a0 00000000000000c8 R __mprec_tens
0000000000034a70 0000000000000022 r basefix.0
0000000000034a98 0000000000000014 r fpinan.0
0000000000034ab0 0000000000000014 r fpi.1
0000000000034ad0 0000000000000028 r tinytens
0000000000034bf0 0000000000000010 r zeroes.0
0000000000034c00 0000000000000010 r blanks.1
0000000000034c10 0000000000000100 R __hexdig
0000000000034e10 0000000000000010 r zeroes.0
0000000000034e20 0000000000000010 r blanks.1
0000000000034e30 00000000000035dc r categories
0000000000038410 r __tls_align
0000000000038418 r __EH_FRAME_BEGIN__
0000000000038418 r __eh_frame_hdr_end
0000000000038418 r __eh_frame_hdr_start
000000000003dbac r __FRAME_END__
000000000003e000 d __frame_dummy_init_array_entry
000000000003e000 d __init_array_start
000000000003e000 d __preinit_array_end
000000000003e000 d __preinit_array_start
000000000003e000 d __relro_start
000000000003e008 d __do_global_dtors_aux_fini_array_entry
000000000003e008 d __fini_array_start
000000000003e008 d __init_array_end
000000000003e010 d __fini_array_end
000000000003e010 0000000000000100 d dotab_stdout
000000000003e110 0000000000000100 d fsdev_devoptab
000000000003e210 0000000000000100 D dotab_stdnull
000000000003e310 a _DYNAMIC
000000000003e460 d __got_start__
000000000003e460 a _GLOBAL_OFFSET_TABLE_
000000000003e700 d __got_end__
000000000003f000 d __data_start
000000000003f000 0000000000000004 d gLogEnabled
000000000003f010 0000000000000020 d gCurrentMode
000000000003f030 0000000000000004 d gFullRemainingSeconds
000000000003f034 0000000000000004 d gIdleRemainingSeconds
000000000003f038 0000000000000008 V __nx_applet_init_timeout
000000000003f040 0000000000000001 V __nx_applet_auto_notifyrunning
000000000003f044 0000000000000004 V __nx_applet_type
000000000003f048 0000000000000008 d currentConsole
000000000003f050 0000000000000050 d defaultConsole
000000000003f0a0 0000000000000088 d s_consoleSwRenderer
000000000003f128 0000000000000001 V __nx_fsdev_support_cwd
000000000003f12c 0000000000000004 V __nx_fsdev_direntry_cache_size
000000000003f130 0000000000000004 V __nx_fs_num_sessions
000000000003f138 0000000000000008 V __nx_exception_stack_size
000000000003f140 0000000000000004 d g_viServiceType
000000000003f144 0000000000000004 V __nx_vi_stray_layer_flags
000000000003f148 0000000000000004 V __nx_nv_transfermem_size
000000000003f14c 0000000000000004 V __nx_nv_service_type
000000000003f150 0000000000000004 d g_ctrl_fd
000000000003f154 0000000000000004 d g_nvmap_fd
000000000003f158 0000000000000018 D __sglue
000000000003f170 0000000000000008 D __malloc_sbrk_base
000000000003f178 0000000000000008 D __malloc_trim_threshold
000000000003f180 0000000000000810 D __malloc_av_
000000000003f990 0000000000000008 D _impure_ptr
000000000003f998 0000000000000180 D _impure_data
000000000003fb18 00000000000001a8 D __global_locale
000000000003fcc0 0000000000000008 D environ
000000000003fcd0 0000000000000400 d _current_working_directory
00000000000400e0 0000000000002000 d handles
00000000000420e0 0000000000000010 d __stderr_handle
00000000000420f0 0000000000000010 d __stdout_handle
0000000000042100 0000000000000010 d __stdin_handle
0000000000042110 0000000000000118 D devoptab_list
0000000000042228 0000000000000004 d defaultDevice
0000000000042230 b __bss_start__
0000000000042230 d __tdata_lma
0000000000042230 d __tdata_lma_end
0000000000042230 b completed.1
0000000000042238 b object.0
0000000000042268 0000000000000008 b g_appletGuard
0000000000042270 0000000000000001 b g_appletInfoInitialized
0000000000042278 0000000000000050 b g_appletInfo
00000000000422c8 0000000000000004 b g_appletCpuBoostMode
00000000000422d0 000000000000000c b g_appletLibraryAppletLaunchableEvent
00000000000422dc 0000000000000001 b g_appletSuspendedTickInitialized
00000000000422e0 0000000000000008 b g_appletSuspendedTick
00000000000422e8 0000000000000008 b g_appletInitTickBase
00000000000422f0 000000000000000c b g_appletSuspendedTickEvent
00000000000422fc 0000000000000001 b g_appletCopyrightInitialized
0000000000042300 0000000000000028 b g_appletCopyrightTmem
0000000000042328 0000000000000004 b g_appletRecordingInitialized
0000000000042330 0000000000000028 b g_appletRecordingTmem
0000000000042358 0000000000000018 b g_appletFirstHook
0000000000042370 0000000000000001 b g_appletNotifiedRunning
0000000000042371 0000000000000001 b g_appletFocusState
0000000000042374 0000000000000004 b g_appletPerformanceMode
0000000000042378 0000000000000001 b g_appletOperationMode
0000000000042380 0000000000000008 b g_appletResourceUserId
0000000000042388 000000000000000c b g_appletMessageEvent
0000000000042398 0000000000000010 b g_appletIDebugFunctions
00000000000423a8 0000000000000010 b g_appletIDisplayController
00000000000423b8 0000000000000010 b g_appletIAudioController
00000000000423c8 0000000000000010 b g_appletIWindowController
00000000000423d8 0000000000000010 b g_appletISelfController
00000000000423e8 0000000000000010 b g_appletICommonStateGetter
00000000000423f8 0000000000000010 b g_appletILibraryAppletCreator
0000000000042408 0000000000000010 b g_appletIProcessWindingController
0000000000042418 0000000000000010 b g_appletILibraryAppletSelfAccessor
0000000000042428 0000000000000010 b g_appletIApplicationCreator
0000000000042438 0000000000000010 b g_appletIGlobalStateController
0000000000042448 0000000000000010 b g_appletIFunctions
0000000000042458 0000000000000010 b g_appletIAppletCommonFunctions
0000000000042468 0000000000000004 b g_appletExitProcessResult
000000000004246c 0000000000000001 b g_appletExitProcessFlag
000000000004246d 0000000000000001 b g_appletLeftInitialized
0000000000042470 0000000000000010 b g_appletProxySession
0000000000042480 0000000000000010 b g_appletSrv
0000000000042490 0000000000000004 V __nx_applet_exit_mode
0000000000042498 0000000000000008 V __nx_applet_PerformanceConfiguration
00000000000424a0 0000000000000080 V __nx_applet_AppletAttribute
0000000000042520 0000000000000004 b g_hosVersion
0000000000042528 0000000000000008 b g_userIdStorage
0000000000042530 0000000000000010 b g_randomSeed
0000000000042540 0000000000000001 b g_hasRandomSeed
0000000000042544 0000000000000004 b g_lastLoadResult
0000000000042548 0000000000000008 b g_nextLoadArgv
0000000000042550 0000000000000008 b g_nextLoadPath
0000000000042558 0000000000000004 b g_processHandle
0000000000042560 0000000000000018 b g_syscallHints
0000000000042578 0000000000000008 b g_overrideArgv
0000000000042580 0000000000000008 b g_overrideHeapSize
0000000000042588 0000000000000008 b g_overrideHeapAddr
0000000000042590 0000000000000008 b g_loaderRetAddr
0000000000042598 0000000000000004 b g_mainThreadHandle
00000000000425a0 0000000000000008 b g_loaderInfoSize
00000000000425a8 0000000000000008 b g_loaderInfo
00000000000425b0 0000000000000001 b g_isNso
00000000000425b1 0000000000000001 b didFirstConsoleInit.0
00000000000425c0 0000000000000068 b escapeSeq
0000000000042628 0000000000000050 b currentCopy
0000000000042680 0000000000002800 b fsdev_fsdevices
0000000000044e80 0000000000000004 b fsdev_fsdevice_cwd
0000000000044e84 0000000000000001 b fsdev_initialised
0000000000044e88 B __stack_top
0000000000044e90 0000000000000001 b g_IsLegacyKernel
0000000000044e98 0000000000000008 b g_Reservations
0000000000044ea0 0000000000000010 b g_StackRegion
0000000000044eb0 0000000000000010 b g_AslrRegion
0000000000044ec0 0000000000000010 b g_HeapRegion
0000000000044ed0 0000000000000010 b g_AliasRegion
0000000000044ee0 0000000000000004 b g_VirtmemMutex
0000000000044ee4 0000000000000004 b g_randMutex
0000000000044ee8 0000000000000001 b g_randInit
0000000000044ef0 0000000000000040 b g_chacha
0000000000044f30 0000000000000008 b g_apmGuard
0000000000044f38 0000000000000010 b g_apmISession
0000000000044f48 0000000000000010 b g_apmSrv
0000000000044f58 0000000000000008 b g_fsGuard
0000000000044f60 0000000000000054 b g_fsSessionMgr
0000000000044fb8 0000000000000010 b g_fsSrv
0000000000044fc8 0000000000000008 b g_smGuard
0000000000044fd0 0000000000000008 b g_smOverridesNum
0000000000044fd8 0000000000000180 b g_smOverrides
0000000000045158 0000000000000010 b g_smSrv
0000000000045168 0000000000000008 b g_timeGuard
0000000000045170 0000000000000020 b g_timeSharedmem
0000000000045190 0000000000000010 b g_timeLocalSystemClock
00000000000451a0 0000000000000010 b g_timeTimeZoneService
00000000000451b0 0000000000000010 b g_timeSteadyClock
00000000000451c0 0000000000000010 b g_timeNetworkSystemClock
00000000000451d0 0000000000000010 b g_timeUserSystemClock
00000000000451e0 0000000000000010 b g_timeSrv
00000000000451f0 0000000000000004 V __nx_time_service_type
00000000000451f8 0000000000000008 b g_hidGuard
0000000000045200 0000000000000008 b g_sevenSixAxisSensorBuffer
0000000000045208 0000000000000020 b g_hidSharedmem
0000000000045228 0000000000000010 b g_hidIActiveVibrationDeviceList
0000000000045238 0000000000000010 b g_hidIAppletResource
0000000000045248 0000000000000010 b g_hidSrv
0000000000045258 0000000000000080 b g_defaultWin
00000000000452d8 0000000000000010 b g_viLayer
00000000000452e8 0000000000000050 b g_viDisplay
0000000000045340 0000000000000340 B __nx_exceptiondump
0000000000045680 0000000000000004 V __nx_exception_ignoredebug
0000000000045690 0000000000000400 V __nx_exception_stack
0000000000045a90 0000000000000008 V __nx_heap_size
0000000000045a98 0000000000000008 b __bootticks
0000000000045aa0 0000000000000008 b __boottime
0000000000045aa8 0000000000000004 V __nx_time_type
0000000000045ab0 0000000000000008 b g_argv_empty
0000000000045ab8 0000000000000008 B __system_argv
0000000000045ac0 0000000000000004 B __system_argc
0000000000045ad0 0000000000000038 b g_mainThread
0000000000045b08 0000000000000008 b g_threadList
0000000000045b10 0000000000000004 b g_threadMutex
0000000000045b18 0000000000000008 b g_viGuard
0000000000045b20 0000000000000010 b g_viIHOSBinderDriverIndirect
0000000000045b30 0000000000000010 b g_viIManagerDisplayService
0000000000045b40 0000000000000010 b g_viISystemDisplayService
0000000000045b50 0000000000000010 b g_viIHOSBinderDriverRelay
0000000000045b60 0000000000000010 b g_viIApplicationDisplayService
0000000000045b70 0000000000000010 b g_viRootService
0000000000045b80 0000000000000008 V __nx_vi_layer_id
0000000000045b88 0000000000000008 b g_setsysGuard
0000000000045b90 0000000000000010 b g_setsysSrv
0000000000045ba0 0000000000000008 b g_nvGuard
0000000000045ba8 0000000000000028 b g_nvTransfermem
0000000000045bd0 0000000000000010 b g_nvSrvClone
0000000000045be0 0000000000000010 b g_nvSrv
0000000000045bf0 0000000000000008 b g_nvFenceGuard
0000000000045bf8 0000000000000300 b g_NvEvents
0000000000045ef8 0000000000000008 b g_NvEventUsedMask
0000000000045f00 0000000000000008 b g_nvMapGuard
0000000000045f08 0000000000000004 B __nxlink_host
0000000000045f10 000000000000000c b __sfp_recursive_mutex
0000000000045f20 0000000000000228 B __sf
0000000000046148 0000000000000008 B __stdio_exit_handler
0000000000046150 0000000000000050 B __malloc_current_mallinfo
00000000000461a0 0000000000000008 B __malloc_max_total_mem
00000000000461a8 0000000000000008 B __malloc_max_sbrked_mem
00000000000461b0 0000000000000008 B __malloc_top_pad
00000000000461b8 000000000000000c b __malloc_recursive_mutex
00000000000461c4 0000000000000004 b alloced.0
00000000000461c8 000000000000000c b __env_recursive_mutex
00000000000461d8 0000000000000008 b initial_env
00000000000461e0 0000000000000400 b temp_cwd
00000000000465e0 0000000000000004 b __hndl_lock
00000000000465e8 0000000000000008 B fake_heap_start
00000000000465f0 0000000000000008 B fake_heap_end
00000000000465f8 0000000000000008 b heap_start.0
0000000000046600 b __tls_start
0000000000046a10 b __bss_end__
0000000000046a10 b __end__
0000000000046a10 b __tls_end
0000000000047000 b __argdata__
