0000000000000000 a __start__
0000000000000000 T _start
0000000000000000 b _TLS_MODULE_BASE_
0000000000000000 0000000000000004 b fsdev_last_result
0000000000000004 0000000000000004 b g_fsPriority
0000000000000008 0000000000000401 B __nx_dev_path_buf
00000000000000e0 T __nx_exit
00000000000000f0 T __nx_mod0
0000000000000140 0000000000000034 T exit
0000000000000180 00000000000004f0 T main
0000000000000680 t __do_global_dtors_aux
00000000000006e0 t frame_dummy
0000000000000710 000000000000001c t appletHookFunc
0000000000000730 0000000000000030 t requestSystemSleep
0000000000000760 0000000000000018 t _appletInfiniteSleepLoop
0000000000000780 0000000000000108 t _appletCmdGetSession
0000000000000890 00000000000000cc t _appletCmdInU8NoOut
0000000000000960 00000000000000cc t _appletCmdInU32NoOut
0000000000000a30 000000000000012c t _appletGetSessionProxy.constprop.0
0000000000000b60 0000000000000148 t _appletOpenLibraryAppletProxy.constprop.0
0000000000000cb0 00000000000000f8 t _appletCmdGetEvent
0000000000000db0 00000000000000d4 t _appletCmdNoInOutU8.isra.0
0000000000000e90 00000000000000d4 t _appletCmdNoInOutU32.isra.0
0000000000000f70 00000000000000d4 t _appletCmdNoInOutU64.isra.0
0000000000001050 00000000000000c0 t _appletCmdNoIO.isra.0
0000000000001110 0000000000000010 T appletGetAppletType
0000000000001120 0000000000000028 T appletHook
0000000000001150 00000000000001b8 T appletSetFocusHandlingMode
0000000000001310 000000000000005c T appletSetLcdBacklightOffEnabled
0000000000001370 000000000000005c T appletSetCpuBoostMode
00000000000013d0 000000000000002c T appletCreateManagedDisplayLayer
0000000000001400 000000000000005c T appletSetAutoSleepDisabled
0000000000001460 000000000000000c T appletGetAppletResourceUserId
0000000000001470 0000000000000138 t _appletHolderCreateState
00000000000015b0 00000000000000b0 T appletHolderClose
0000000000001660 0000000000000024 T appletHolderGetLibraryAppletInfo
0000000000001690 0000000000000090 T appletNotifyRunning
0000000000001720 0000000000000078 T appletSetGamePlayRecordingState
00000000000017a0 0000000000000ad4 t _appletCleanup
0000000000002280 0000000000000048 T appletExit
00000000000022d0 0000000000000070 T appletRequestToSleep
0000000000002340 0000000000000040 T appletGetLibraryAppletInfo
0000000000002380 0000000000000c14 T appletInitialize
0000000000002fa0 0000000000000024 t _appletExitProcess
0000000000002fd0 0000000000000074 T appletGetMessage
0000000000003050 0000000000000264 T appletProcessMessage
00000000000032c0 0000000000000034 T appletMainLoop
0000000000003300 0000000000000014 T hosversionGet
0000000000003320 0000000000000010 T hosversionSet
0000000000003330 0000000000000208 T envSetup
0000000000003540 0000000000000020 T envGetMainThreadHandle
0000000000003560 000000000000000c T envIsNso
0000000000003570 0000000000000014 T envHasHeapOverride
0000000000003590 000000000000000c T envGetHeapOverrideAddr
00000000000035a0 000000000000000c T envGetHeapOverrideSize
00000000000035b0 0000000000000014 T envHasArgv
00000000000035d0 000000000000000c T envGetArgv
00000000000035e0 000000000000000c T envGetExitFuncPtr
00000000000035f0 000000000000000c T envSetExitFuncPtr
0000000000003600 000000000000000c T envHasRandomSeed
0000000000003610 0000000000000010 T envGetRandomSeed
0000000000003620 000000000000009c T padConfigureInput
00000000000036c0 0000000000000024 T padInitializeWithMask
00000000000036f0 0000000000000294 T padUpdate
0000000000003990 000000000000001c W diagAbortWithResult
00000000000039b0 0000000000000050 t consoleDrawChar
0000000000003a00 00000000000000b8 t consoleNewRow
0000000000003ac0 0000000000000194 t consolePrintChar.part.0
0000000000003c60 0000000000000df8 t con_write
0000000000004a60 000000000000000c T consoleGetDefault
0000000000004a70 00000000000000e4 T consoleInit
0000000000004b60 0000000000000044 T consoleExit
0000000000004bb0 000000000000002c T consoleUpdate
0000000000004be0 00000000000001bc t ConsoleSwRenderer_drawChar
0000000000004da0 00000000000000e8 t ConsoleSwRenderer_init
0000000000004e90 0000000000000078 t ConsoleSwRenderer_flushAndSwap
0000000000004f10 00000000000000ec t ConsoleSwRenderer_scrollWindow
0000000000005000 0000000000000050 t ConsoleSwRenderer_deinit
0000000000005050 000000000000000c W getDefaultConsoleRenderer
0000000000005060 0000000000000010 t fsdev_link
0000000000005070 0000000000000010 t fsdev_dirreset
0000000000005080 0000000000000010 t fsdev_chmod
0000000000005090 0000000000000018 t error_cmp
00000000000050b0 0000000000000020 t fsdev_dirclose
00000000000050d0 000000000000001c t fsdev_close
00000000000050f0 0000000000000074 t fsdev_converttimetoutc
0000000000005170 00000000000000d4 t fsdevFindDevice.part.0
0000000000005250 00000000000001cc t fsdev_fixpath
0000000000005420 000000000000009c t _fsdevUnmountDeviceStruct.part.0
00000000000054c0 0000000000000010 t fsdev_fchmod
00000000000054d0 0000000000000100 t fsdev_diropen
00000000000055d0 00000000000000f8 t fsdev_statvfs
00000000000056d0 000000000000007c t fsdev_fsync
0000000000005750 00000000000000ec t fsdev_fstat
0000000000005840 0000000000000094 t fsdev_ftruncate
00000000000058e0 00000000000001d8 t fsdev_stat
0000000000005ac0 000000000000014c t fsdev_rename
0000000000005c10 000000000000013c t fsdev_chdir
0000000000005d50 00000000000000a4 t fsdev_rmdir
0000000000005e00 00000000000000a4 t fsdev_mkdir
0000000000005eb0 00000000000000a4 t fsdev_unlink
0000000000005f60 000000000000013c t fsdev_write_safe
00000000000060a0 0000000000000134 t fsdev_read_safe
00000000000061e0 0000000000000100 t fsdev_read
00000000000062e0 00000000000001d4 t fsdev_dirnext
00000000000064c0 0000000000000124 t fsdev_write
00000000000065f0 0000000000000110 t fsdev_seek
0000000000006700 0000000000000230 t fsdev_open
0000000000006930 0000000000000324 T fsdevMountDevice
0000000000006c60 0000000000000048 T fsdevUnmountDevice
0000000000006cb0 0000000000000040 T fsdevMountSdmc
0000000000006cf0 00000000000000bc T __libnx_init_cwd
0000000000006db0 0000000000000064 T fsdevUnmountAll
0000000000006e20 0000000000000128 T decode_utf8
0000000000006f48 T svcSetHeapSize
0000000000006f5c T svcSetMemoryPermission
0000000000006f64 T svcSetMemoryAttribute
0000000000006f6c T svcUnmapMemory
0000000000006f74 T svcQueryMemory
0000000000006f88 T svcExitProcess
0000000000006f90 T svcSleepThread
0000000000006f98 T svcMapSharedMemory
0000000000006fa0 T svcUnmapSharedMemory
0000000000006fa8 T svcCreateTransferMemory
0000000000006fbc T svcCloseHandle
0000000000006fc4 T svcResetSignal
0000000000006fcc T svcWaitSynchronization
0000000000006fe0 T svcArbitrateLock
0000000000006fe8 T svcArbitrateUnlock
0000000000006ff0 T svcWaitProcessWideKeyAtomic
0000000000006ff8 T svcSignalProcessWideKey
0000000000007000 T svcConnectToNamedPort
0000000000007014 T svcSendSyncRequest
000000000000701c T svcBreak
0000000000007024 T svcReturnFromException
000000000000702c T svcGetInfo
0000000000007040 T svcSleepSystem
0000000000007048 T svcUnmapTransferMemory
0000000000007050 T __aarch64_read_tp
0000000000007060 000000000000057c T waitObjects
00000000000075e0 00000000000000a8 T tmemCreate
0000000000007690 0000000000000034 T tmemUnmap
00000000000076d0 0000000000000030 T tmemCloseHandle
0000000000007700 000000000000009c T tmemWaitForPermission
00000000000077a0 0000000000000050 T tmemClose
00000000000077f0 00000000000000c8 T mutexLock
00000000000078c0 0000000000000068 T mutexUnlock
0000000000007930 000000000000001c T mutexIsLockedByCurrentThread
0000000000007950 0000000000000058 T rmutexLock
00000000000079b0 000000000000001c T rmutexUnlock
00000000000079d0 0000000000000064 t _memregionInitWithInfo
0000000000007a40 0000000000000004 W __libnx_virtmem_rng
0000000000007a50 0000000000000164 t _memregionFindRandom
0000000000007bc0 0000000000000140 T virtmemSetup
0000000000007d00 000000000000000c T virtmemLock
0000000000007d10 000000000000000c T virtmemUnlock
0000000000007d20 0000000000000050 T virtmemFindAslr
0000000000007d70 000000000000000c T eventLoadRemote
0000000000007d80 0000000000000034 T eventWait
0000000000007dc0 0000000000000054 T eventClose
0000000000007e20 0000000000000410 T randomGet
0000000000008230 0000000000000020 T randomGet64
0000000000008250 00000000000000d4 t _apmCleanup
0000000000008330 0000000000000194 T apmInitialize
00000000000084d0 0000000000000048 T apmExit
0000000000008520 00000000000000c8 T apmSetPerformanceConfiguration
00000000000085f0 00000000000000b4 t _fsCleanup
00000000000086b0 00000000000001c0 t _fsCmdNoIO
0000000000008870 00000000000001e0 t _fsFsCmdWithInPath
0000000000008a50 00000000000001f8 t _fsFsCmdWithTwoInPaths
0000000000008c50 000000000000028c t _fsFsOpenCommon
0000000000008ee0 00000000000001fc t _fsFsCmdWithInPathAndOutU64
00000000000090e0 00000000000000f8 t _fsObjectClose
00000000000091e0 000000000000017c t _fsCmdGetSession.constprop.0
0000000000009360 00000000000002f8 T fsInitialize
0000000000009660 0000000000000048 T fsExit
00000000000096b0 0000000000000008 T fsOpenSdCardFileSystem
00000000000096c0 00000000000001ec T fsFsCreateFile
00000000000098b0 0000000000000008 T fsFsDeleteFile
00000000000098c0 0000000000000008 T fsFsCreateDirectory
00000000000098d0 0000000000000008 T fsFsDeleteDirectory
00000000000098e0 0000000000000008 T fsFsRenameFile
00000000000098f0 0000000000000008 T fsFsRenameDirectory
0000000000009900 00000000000001f0 T fsFsGetEntryType
0000000000009af0 0000000000000008 T fsFsOpenFile
0000000000009b00 0000000000000008 T fsFsOpenDirectory
0000000000009b10 0000000000000008 T fsFsGetFreeSpace
0000000000009b20 0000000000000008 T fsFsGetTotalSpace
0000000000009b30 0000000000000230 T fsFsGetFileTimeStampRaw
0000000000009d60 0000000000000004 T fsFsClose
0000000000009d70 0000000000000214 T fsFileRead
0000000000009f90 00000000000001f8 T fsFileWrite
000000000000a190 0000000000000008 T fsFileFlush
000000000000a1a0 00000000000001c0 T fsFileSetSize
000000000000a1a0 00000000000001c0 t fsFileSetSize.localalias
000000000000a360 00000000000001d4 T fsFileGetSize
000000000000a360 00000000000001d4 t fsFileGetSize.localalias
000000000000a540 0000000000000004 T fsFileClose
000000000000a550 0000000000000004 T fsDirClose
000000000000a560 0000000000000204 T fsDirRead
000000000000a770 00000000000000cc t _smCmifCmdInPid
000000000000a840 0000000000000078 t _smCleanup
000000000000a8c0 0000000000000048 T smAddOverrideHandle
000000000000a910 0000000000000054 T smGetServiceOverride
000000000000a970 00000000000001ac T smInitialize
000000000000ab20 0000000000000048 T smExit
000000000000ab70 00000000000000d0 T smGetServiceOriginal
000000000000ac40 0000000000000120 T smGetServiceWrapper
000000000000ad60 000000000000027c t _timeCleanup
000000000000afe0 0000000000000100 t _timeCmdGetSession.constprop.0
000000000000b0e0 0000000000000104 t _timeReadClockFromSharedMem
000000000000b1f0 0000000000000300 T timeInitialize
000000000000b4f0 0000000000000048 T timeExit
000000000000b540 0000000000000038 T timeGetServiceSession_SystemClock
000000000000b580 00000000000000fc T timeGetCurrentTime
000000000000b680 0000000000000108 T timeToCalendarTimeWithMyRule
000000000000b790 0000000000000114 T timeToPosixTimeWithMyRule
000000000000b8b0 000000000000012c t _hidCleanup
000000000000b9e0 00000000000000d4 t _hidCmdInAruidNoOut
000000000000bac0 00000000000000e0 t _hidCmdInU32AruidNoOut
000000000000bba0 0000000000000194 t _hidGetStates
000000000000bd40 000000000000026c T hidInitialize
000000000000bfb0 0000000000000048 T hidExit
000000000000c000 000000000000000c T hidGetSharedmemAddr
000000000000c010 0000000000000090 T hidGetNpadStyleSet
000000000000c0a0 0000000000000084 T hidInitializeNpad
000000000000c130 00000000000000a4 T hidGetNpadStatesFullKey
000000000000c1e0 00000000000000a4 T hidGetNpadStatesHandheld
000000000000c290 00000000000000a4 T hidGetNpadStatesJoyDual
000000000000c340 00000000000000a4 T hidGetNpadStatesJoyLeft
000000000000c3f0 00000000000000a4 T hidGetNpadStatesJoyRight
000000000000c4a0 0000000000000144 T hidGetNpadStatesGc
000000000000c5f0 00000000000000a8 T hidGetNpadStatesSystemExt
000000000000c6a0 0000000000000008 T hidSetSupportedNpadStyleSet
000000000000c6b0 0000000000000100 T hidSetSupportedNpadIdType
000000000000c7b0 000000000000008c T framebufferMakeLinear
000000000000c840 0000000000000084 T framebufferClose
000000000000c8d0 0000000000000290 T framebufferCreate
000000000000cb60 000000000000007c T framebufferBegin
000000000000cbe0 0000000000000190 T framebufferEnd
000000000000cd70 000000000000000c T nwindowGetDefault
000000000000cd80 00000000000000a4 T __nx_win_init
000000000000ce30 0000000000000034 T __nx_win_exit
000000000000ce70 0000000000000024 T nwindowIsValid
000000000000cea0 000000000000007c T nwindowClose
000000000000cf20 00000000000000f8 T nwindowCreate
000000000000d020 0000000000000038 T nwindowCreateFromLayer
000000000000d060 0000000000000084 T nwindowSetDimensions
000000000000d0f0 0000000000000180 T nwindowConfigureBuffer
000000000000d270 00000000000001cc T nwindowDequeueBuffer
000000000000d440 000000000000012c T nwindowQueueBuffer
000000000000d570 00000000000000bc T nwindowReleaseBuffers
000000000000d630 00000000000001fc T __nx_dynamic
000000000000d830 00000000000000d0 W __libnx_initheap
000000000000d900 00000000000000ec W __appInit
000000000000d9f0 0000000000000044 W __appExit
000000000000da40 000000000000002c W __libnx_init
000000000000da70 000000000000001c W __libnx_exit
000000000000da90 0000000000000004 W __libnx_alloc
000000000000daa0 0000000000000014 W __libnx_aligned_alloc
000000000000dac0 0000000000000004 W __libnx_free
000000000000dad0 000000000000001c T __syscall_exit
000000000000daf0 0000000000000034 T __syscall_getreent
000000000000db30 0000000000000004 T __syscall_lock_acquire
000000000000db40 0000000000000004 T __syscall_lock_release
000000000000db50 0000000000000004 T __syscall_lock_acquire_recursive
000000000000db60 0000000000000004 T __syscall_lock_release_recursive
000000000000db70 000000000000025c T __libnx_init_time
000000000000ddd0 0000000000000098 T newlibSetup
000000000000de70 0000000000000314 W argvSetup
000000000000e184 T armDCacheFlush
000000000000e1b4 t armDCacheFlush_L0
000000000000e1d0 W __libnx_exception_entry
000000000000e25c t __libnx_exception_entry_start
000000000000e384 t __libnx_exception_entry_abort
000000000000e388 t __libnx_exception_entry_end
000000000000e390 T __libnx_exception_returnentry
000000000000e3b0 0000000000000014 T shmemLoadRemote
000000000000e3d0 0000000000000070 T shmemMap
000000000000e440 0000000000000034 T shmemUnmap
000000000000e480 000000000000004c T shmemClose
000000000000e4d0 0000000000000070 T condvarWaitTimeout
000000000000e540 00000000000000b0 T __libnx_init_thread
000000000000e5f0 0000000000000184 T sessionmgrCreate
000000000000e780 0000000000000084 T sessionmgrClose
000000000000e810 00000000000000a8 T sessionmgrAttachClient
000000000000e8c0 0000000000000060 T sessionmgrDetachClient
000000000000e920 0000000000000230 t _viCleanup
000000000000eb50 0000000000000100 t _viCmdGetSessionNoParams.constprop.0
000000000000ec50 0000000000000368 T viInitialize
000000000000efc0 0000000000000048 T viExit
000000000000f010 000000000000000c T viGetSession_IHOSBinderDriverRelay
000000000000f020 000000000000010c T viOpenDisplay
000000000000f130 00000000000000ec T viCloseDisplay
000000000000f220 00000000000000f4 T viCloseLayer
000000000000f320 0000000000000394 T viCreateLayer
000000000000f6c0 00000000000000d8 T viSetLayerScalingMode
000000000000f7a0 00000000000000d0 t _setsysGetFirmwareVersionImpl
000000000000f870 0000000000000078 t _setsysCleanup
000000000000f8f0 00000000000000a0 T setsysInitialize
000000000000f990 0000000000000048 T setsysExit
000000000000f9e0 0000000000000048 T setsysGetFirmwareVersion
000000000000fa30 00000000000000d0 t _nvCleanup
000000000000fb00 00000000000000d4 t _nvCmdInitialize.constprop.0
000000000000fbe0 0000000000000018 W __nx_nv_create_tmem
000000000000fc00 00000000000003a8 T nvInitialize
000000000000ffb0 0000000000000048 T nvExit
0000000000010000 00000000000000f4 T nvConvertError
0000000000010100 0000000000000114 T nvOpen
0000000000010220 0000000000000310 T nvIoctl
0000000000010530 00000000000000d4 T nvClose
0000000000010610 000000000000010c T nvQueryEvent
0000000000010720 0000000000000074 t _nvFenceCleanup
00000000000107a0 0000000000000098 T nvFenceInit
0000000000010840 0000000000000048 T nvFenceExit
0000000000010890 0000000000000290 T nvFenceWait
0000000000010b20 000000000000007c T nvMultiFenceWait
0000000000010ba0 00000000000000ac T nvMapInit
0000000000010c50 0000000000000074 T nvMapExit
0000000000010cd0 000000000000008c T nvMapClose
0000000000010d60 0000000000000160 T nvMapCreate
0000000000010ec0 0000000000000024 T nvioctlNvhostCtrl_EventSignal
0000000000010ef0 000000000000003c T nvioctlNvhostCtrl_EventWait
0000000000010f30 0000000000000028 T nvioctlNvhostCtrl_EventWaitAsync
0000000000010f60 0000000000000024 T nvioctlNvhostCtrl_EventRegister
0000000000010f90 0000000000000024 T nvioctlNvhostCtrl_EventUnregister
0000000000010fc0 000000000000003c T nvioctlNvmap_Create
0000000000011000 0000000000000030 T nvioctlNvmap_Alloc
0000000000011030 0000000000000030 T nvioctlNvmap_Free
0000000000011060 000000000000003c T nvioctlNvmap_GetId
00000000000110a0 00000000000000c8 T bqRequestBuffer
0000000000011170 0000000000000128 T bqDequeueBuffer
00000000000112a0 00000000000000c8 T bqQueueBuffer
0000000000011370 0000000000000084 T bqCancelBuffer
0000000000011400 00000000000000d0 T bqConnect
00000000000114d0 0000000000000088 T bqDisconnect
0000000000011560 0000000000000194 T bqSetPreallocatedBuffer
0000000000011700 000000000000001c T binderCreate
0000000000011720 000000000000035c T binderTransactParcel
0000000000011a80 00000000000000e8 T binderConvertErrorCode
0000000000011b70 0000000000000124 T binderAdjustRefcount
0000000000011ca0 000000000000009c T binderInitSession
0000000000011d40 000000000000005c T binderClose
0000000000011da0 0000000000000154 T binderGetNativeHandle
0000000000011f00 0000000000000030 T parcelCreate
0000000000011f30 0000000000000174 T parcelTransact
00000000000120b0 0000000000000080 T parcelWriteData
0000000000012130 0000000000000088 T parcelReadData
00000000000121c0 0000000000000020 T parcelWriteInt32
00000000000121e0 0000000000000020 T parcelWriteUInt32
0000000000012200 000000000000007c T parcelWriteString16
0000000000012280 0000000000000030 T parcelWriteInterfaceToken
00000000000122b0 0000000000000024 T parcelReadInt32
00000000000122e0 0000000000000068 T parcelReadFlattenedObject
0000000000012350 0000000000000044 T parcelWriteFlattenedObject
00000000000123a0 00000000000000e8 T nxlinkSetup
00000000000124a0 0000000000000184 T _fgets_r
0000000000012640 0000000000000034 T fgets
0000000000012680 0000000000000130 T _fclose_r
00000000000127c0 000000000000001c T fclose
0000000000012800 0000000000000104 T memset
0000000000012920 0000000000000034 T setenv
0000000000012980 0000000000000134 T strcmp
0000000000012ac0 000000000000005c T strcspn
0000000000012b40 00000000000001b4 T strncmp
0000000000012d00 00000000000000dc T memchr
0000000000012de0 000000000000001c t stdio_exit_handler
0000000000012e00 000000000000006c t cleanup_stdio
0000000000012e80 0000000000000134 t global_stdio_init.part.0
0000000000012fc0 000000000000000c T __sfp_lock_acquire
0000000000012fe0 000000000000000c T __sfp_lock_release
0000000000013000 0000000000000138 T __sfp
0000000000013140 0000000000000054 T __sinit
00000000000131a0 00000000000001a4 t _strtoul_l.isra.0
0000000000013360 0000000000000034 T _strtoul_r
00000000000133a0 0000000000000040 T strtoul
00000000000133e0 00000000000000a4 T __libc_init_array
00000000000134a0 0000000000000088 T strncat
0000000000013540 0000000000000098 T _fwalk_sglue
00000000000135e0 00000000000000b4 T bsearch
00000000000136a0 0000000000000014 T __errno
00000000000136c0 000000000000002c T aligned_alloc
0000000000013700 00000000000000d4 T _puts_r
00000000000137e0 000000000000001c T puts
0000000000013800 000000000000022c T memcpy
0000000000013800 T memmove
0000000000013a40 0000000000000020 T putchar
0000000000013a60 0000000000000840 T _malloc_r
00000000000142a0 000000000000011c T _malloc_trim_r
00000000000143c0 00000000000002d8 T _free_r
00000000000146a0 0000000000000080 T printf
0000000000014720 000000000000001c T atoi
0000000000014740 00000000000002c0 t _strtol_l.part.0
0000000000014a00 0000000000000070 T _strtol_r
0000000000014a80 0000000000000078 T strtol
0000000000014b00 0000000000000038 T malloc
0000000000014b40 000000000000001c T free
0000000000014b60 00000000000001ec T __sflush_r
0000000000014d60 00000000000000bc T _fflush_r
0000000000014e20 0000000000000038 t lflush
0000000000014e60 0000000000000190 T __srefill_r
0000000000015000 00000000000000b0 T __swhatbuf_r
00000000000150c0 00000000000000e8 T __smakebuf_r
00000000000151c0 0000000000000028 T gmtime
0000000000015200 0000000000000130 T strlen
0000000000015340 00000000000000b8 T strnlen
0000000000015400 000000000000000c T __malloc_lock
0000000000015420 000000000000000c T __malloc_unlock
0000000000015440 0000000000000258 T _setenv_r
00000000000156a0 0000000000000004 W __call_exitprocs
00000000000156c0 0000000000000278 T setvbuf
0000000000015940 0000000000000120 T _fopen_r
0000000000015a60 000000000000002c T fopen
0000000000015aa0 00000000000000ac T strncpy
0000000000015b60 00000000000000b0 T sscanf
0000000000015c20 00000000000004a4 T __sfvwrite_r
00000000000160e0 000000000000004c T __sread
0000000000016140 0000000000000008 T __seofread
0000000000016160 0000000000000070 T __swrite
00000000000161e0 0000000000000050 T __sseek
0000000000016240 0000000000000008 T __sclose
0000000000016260 000000000000000c T __env_lock
0000000000016280 000000000000000c T __env_unlock
00000000000162a0 00000000000002a0 T gmtime_r
0000000000016540 000000000000018c T _memalign_r
00000000000166e0 00000000000000e4 T _putc_r
0000000000016800 00000000000000cc T strchr
00000000000168cc 0000000000000790 t get_arg
000000000001705c 0000000000003bd4 T _vfprintf_r
000000000001ac30 00000000000000d0 t __sbprintf
000000000001ad00 0000000000000004 T _fseek_r
000000000001ad20 00000000000001a4 t quorem
000000000001aee0 0000000000001320 T _dtoa_r
000000000001c200 00000000000000d0 T _wcrtomb_r
000000000001c2e0 00000000000000b8 T __sflags
000000000001c3a0 0000000000000044 T __libc_fini_array
000000000001c400 00000000000000f4 T _findenv_r
000000000001c500 0000000000000568 T _realloc_r
000000000001ca68 0000000000000074 t get_arg
000000000001cadc 0000000000003260 T __ssvfscanf_r
000000000001fd40 00000000000001a4 t _strtoull_l.isra.0
000000000001ff00 0000000000000034 T _strtoull_r
000000000001ff40 0000000000000010 T _wcsrtombs_r
000000000001ff60 00000000000000d8 T _mbrtowc_r
0000000000020040 000000000000012c T __swsetup_r
0000000000020180 000000000000000c T nanf
00000000000201a0 000000000000007c T frexp
0000000000020220 0000000000000064 T __assert_func
00000000000202a0 00000000000000a4 T _Balloc
0000000000020360 0000000000000020 T _Bfree
0000000000020380 0000000000000118 T __multadd
00000000000204a0 0000000000000144 T __s2b
0000000000020600 0000000000000094 T __hi0bits
00000000000206a0 0000000000000100 T __lo0bits
00000000000207a0 000000000000004c T __i2b
0000000000020800 0000000000000210 T __multiply
0000000000020a20 0000000000000104 T __pow5mult
0000000000020b40 0000000000000174 T __lshift
0000000000020cc0 0000000000000050 T __mcmp
0000000000020d20 00000000000001c4 T __mdiff
0000000000020f00 0000000000000084 T __ulp
0000000000020fa0 0000000000000168 T __b2d
0000000000021120 000000000000014c T __d2b
0000000000021280 00000000000000b0 T __ratio
0000000000021340 0000000000000074 T __copybits
00000000000213c0 0000000000000068 T __any_on
0000000000021440 00000000000002c0 t _strtoll_l.isra.0
0000000000021700 0000000000000034 T _strtoll_r
0000000000021740 000000000000002c T __locale_mb_cur_max
0000000000021780 0000000000000058 t sulp
00000000000217e0 00000000000012f4 T _strtod_l
0000000000022ae0 0000000000000040 T _strtod_r
0000000000022b20 00000000000000c8 T __ssprint_r
0000000000022c00 0000000000000080 T fiprintf
0000000000022c80 0000000000000118 T __swbuf_r
0000000000022da0 0000000000000188 T _wcsnrtombs_l
0000000000022f40 0000000000000054 T _wcsnrtombs_r
0000000000022f94 00000000000000f0 T _sungetc_r
0000000000023084 0000000000000070 T __ssrefill_r
00000000000230f4 00000000000000dc T _sfread_r
00000000000231e0 0000000000000110 t rshift
0000000000023300 0000000000000860 T __gethex
0000000000023b60 000000000000009c T sprintf
0000000000023c00 00000000000002dc T __utf8_mbtowc
0000000000023ee0 00000000000004c0 T _fseeko_r
00000000000243a0 0000000000000038 T __sprint_r
00000000000243e0 0000000000000008 T iswspace
0000000000024400 0000000000000018 T abort
0000000000024420 0000000000000008 T __localeconv_l
0000000000024440 0000000000000028 T _localeconv_r
0000000000024480 00000000000000bc T _calloc_r
0000000000024540 000000000000002c T realloc
000000000002456c 0000000000000790 t get_arg
0000000000024cfc 0000000000003a84 T _svfprintf_r
0000000000028780 00000000000000d0 T __sccl
0000000000028860 00000000000000ac T stpncpy
0000000000028920 0000000000000188 T __ssputs_r
0000000000028ac0 00000000000000e0 T __utf8_wctomb
0000000000028ba0 0000000000000048 T __match
0000000000028c00 000000000000025c T __hexnan
0000000000028e60 000000000000000c T nan
0000000000028e80 000000000000009c T _raise_r
0000000000028f20 000000000000001c T raise
0000000000028f40 0000000000000048 T iswspace_l
0000000000028fa0 00000000000000b8 T __submore
0000000000029058 0000000000000790 t get_arg
00000000000297e8 0000000000002964 T _vfiprintf_r
000000000002c14c 00000000000000d0 t __sbprintf
000000000002c220 0000000000000084 T category
000000000002c2c0 0000000000000020 T _exit
000000000002c2e0 000000000000016c T chdir
000000000002c460 0000000000000218 T _concatenate_path
000000000002c680 000000000000009c T _fstat_r
000000000002c720 0000000000000010 T _getpid_r
000000000002c740 0000000000000020 T __getreent
000000000002c760 00000000000000a0 T __release_handle
000000000002c800 0000000000000130 T __alloc_handle
000000000002c940 0000000000000060 T __get_handle
000000000002c9a0 00000000000000f4 T _close_r
000000000002caa0 0000000000000008 t null_write
000000000002cac0 0000000000000018 T setDefaultDevice
000000000002cae0 0000000000000110 T FindDevice
000000000002cc00 0000000000000034 T RemoveDevice
000000000002cc40 00000000000000c4 T AddDevice
000000000002cd20 0000000000000034 T GetDeviceOpTab
000000000002cd60 0000000000000008 T _isatty_r
000000000002cd80 0000000000000010 T _kill_r
000000000002cda0 00000000000000a0 T _lseek_r
000000000002ce40 00000000000000f0 T _open_r
000000000002cf40 00000000000000b0 T _read_r
000000000002d000 0000000000000078 W _sbrk_r
000000000002d080 0000000000000014 T __libc_lock_acquire
000000000002d0a0 0000000000000014 T __libc_lock_release
000000000002d0c0 0000000000000014 T __libc_lock_acquire_recursive
000000000002d0e0 0000000000000014 T __libc_lock_release_recursive
000000000002d100 00000000000000b0 T _write_r
000000000002d1c0 0000000000000134 t __extenddftf2
000000000002d300 0000000000000380 t __trunctfdf2
000000000002d680 0000000000000070 t __sfp_handle_exceptions
000000000002d700 0000000000000104 T strrchr
000000000002d808 T _init
000000000002d840 T _fini
000000000002e660 0000000000000014 r CSWTCH.1000
000000000002e7f0 0000000000000018 r grayScale
000000000002e808 0000000000000006 r colorCube
000000000002e810 0000000000000030 r colorTable
000000000002e840 0000000000000020 r error_table
000000000002e860 R default_font_bin
0000000000030860 R default_font_bin_end
0000000000030860 0000000000000038 r g_nvColorFmtTable
0000000000030898 0000000000000024 r s_emptyFence.0
00000000000308d0 0000000000000023 r g_bq_InterfaceDescriptor
0000000000030940 0000000000000101 R _ctype_
0000000000030b80 0000000000000010 r zeroes.0
0000000000030b90 0000000000000010 r blanks.1
0000000000030cd0 0000000000000022 r basefix.0
0000000000030cf8 000000000000006c R __action_table
0000000000030d68 000000000000006c R __state_table
0000000000030dd8 0000000000000100 R __chclass
0000000000030ed8 000000000000000c r p05.0
0000000000030ee8 0000000000000028 R __mprec_bigtens
0000000000030f10 00000000000000c8 R __mprec_tens
0000000000030fd8 0000000000000014 r fpinan.0
0000000000030ff0 0000000000000014 r fpi.1
0000000000031010 0000000000000028 r tinytens
0000000000031038 0000000000000100 R __hexdig
0000000000031230 0000000000000010 r zeroes.0
0000000000031240 0000000000000010 r blanks.1
0000000000031350 0000000000000010 r zeroes.0
0000000000031360 0000000000000010 r blanks.1
0000000000031370 00000000000035dc r categories
0000000000034950 r __tls_align
0000000000034958 r __EH_FRAME_BEGIN__
0000000000034958 r __eh_frame_hdr_end
0000000000034958 r __eh_frame_hdr_start
000000000003a024 r __FRAME_END__
000000000003b000 d __frame_dummy_init_array_entry
000000000003b000 d __init_array_start
000000000003b000 d __preinit_array_end
000000000003b000 d __preinit_array_start
000000000003b000 d __relro_start
000000000003b008 d __do_global_dtors_aux_fini_array_entry
000000000003b008 d __fini_array_start
000000000003b008 d __init_array_end
000000000003b010 d __fini_array_end
000000000003b010 0000000000000100 d dotab_stdout
000000000003b110 0000000000000100 d fsdev_devoptab
000000000003b210 0000000000000100 D dotab_stdnull
000000000003b310 a _DYNAMIC
000000000003b460 d __got_start__
000000000003b460 a _GLOBAL_OFFSET_TABLE_
000000000003b700 d __got_end__
000000000003c000 d __data_start
000000000003c000 0000000000000004 d g_lastFullRemaining
000000000003c008 0000000000000008 V __nx_applet_init_timeout
000000000003c010 0000000000000001 V __nx_applet_auto_notifyrunning
000000000003c014 0000000000000004 V __nx_applet_type
000000000003c018 0000000000000008 d currentConsole
000000000003c020 0000000000000050 d defaultConsole
000000000003c070 0000000000000088 d s_consoleSwRenderer
000000000003c0f8 0000000000000001 V __nx_fsdev_support_cwd
000000000003c0fc 0000000000000004 V __nx_fsdev_direntry_cache_size
000000000003c100 0000000000000004 V __nx_fs_num_sessions
000000000003c108 0000000000000008 V __nx_exception_stack_size
000000000003c110 0000000000000004 d g_viServiceType
000000000003c114 0000000000000004 V __nx_vi_stray_layer_flags
000000000003c118 0000000000000004 V __nx_nv_transfermem_size
000000000003c11c 0000000000000004 V __nx_nv_service_type
000000000003c120 0000000000000004 d g_ctrl_fd
000000000003c124 0000000000000004 d g_nvmap_fd
000000000003c128 0000000000000018 D __sglue
000000000003c140 0000000000000008 D __malloc_sbrk_base
000000000003c148 0000000000000008 D __malloc_trim_threshold
000000000003c150 0000000000000810 D __malloc_av_
000000000003c960 0000000000000008 D _impure_ptr
000000000003c968 0000000000000180 D _impure_data
000000000003cae8 0000000000000008 D environ
000000000003caf0 00000000000001a8 D __global_locale
000000000003cca0 0000000000000400 d _current_working_directory
000000000003d0a0 0000000000002000 d handles
000000000003f0a0 0000000000000010 d __stderr_handle
000000000003f0b0 0000000000000010 d __stdout_handle
000000000003f0c0 0000000000000010 d __stdin_handle
000000000003f0d0 0000000000000118 D devoptab_list
000000000003f1e8 0000000000000004 d defaultDevice
000000000003f1f0 b __bss_start__
000000000003f1f0 d __tdata_lma
000000000003f1f0 d __tdata_lma_end
000000000003f1f0 b completed.1
000000000003f1f8 b object.0
000000000003f228 0000000000000001 b g_restore_on_resume
000000000003f230 0000000000000008 b g_appletGuard
000000000003f238 0000000000000001 b g_appletInfoInitialized
000000000003f240 0000000000000050 b g_appletInfo
000000000003f290 0000000000000004 b g_appletCpuBoostMode
000000000003f298 000000000000000c b g_appletLibraryAppletLaunchableEvent
000000000003f2a4 0000000000000001 b g_appletSuspendedTickInitialized
000000000003f2a8 0000000000000008 b g_appletSuspendedTick
000000000003f2b0 0000000000000008 b g_appletInitTickBase
000000000003f2b8 000000000000000c b g_appletSuspendedTickEvent
000000000003f2c4 0000000000000001 b g_appletCopyrightInitialized
000000000003f2c8 0000000000000028 b g_appletCopyrightTmem
000000000003f2f0 0000000000000004 b g_appletRecordingInitialized
000000000003f2f8 0000000000000028 b g_appletRecordingTmem
000000000003f320 0000000000000018 b g_appletFirstHook
000000000003f338 0000000000000001 b g_appletNotifiedRunning
000000000003f339 0000000000000001 b g_appletFocusState
000000000003f33c 0000000000000004 b g_appletPerformanceMode
000000000003f340 0000000000000001 b g_appletOperationMode
000000000003f348 0000000000000008 b g_appletResourceUserId
000000000003f350 000000000000000c b g_appletMessageEvent
000000000003f360 0000000000000010 b g_appletIDebugFunctions
000000000003f370 0000000000000010 b g_appletIDisplayController
000000000003f380 0000000000000010 b g_appletIAudioController
000000000003f390 0000000000000010 b g_appletIWindowController
000000000003f3a0 0000000000000010 b g_appletISelfController
000000000003f3b0 0000000000000010 b g_appletICommonStateGetter
000000000003f3c0 0000000000000010 b g_appletILibraryAppletCreator
000000000003f3d0 0000000000000010 b g_appletIProcessWindingController
000000000003f3e0 0000000000000010 b g_appletILibraryAppletSelfAccessor
000000000003f3f0 0000000000000010 b g_appletIApplicationCreator
000000000003f400 0000000000000010 b g_appletIGlobalStateController
000000000003f410 0000000000000010 b g_appletIFunctions
000000000003f420 0000000000000010 b g_appletIAppletCommonFunctions
000000000003f430 0000000000000004 b g_appletExitProcessResult
000000000003f434 0000000000000001 b g_appletExitProcessFlag
000000000003f435 0000000000000001 b g_appletLeftInitialized
000000000003f438 0000000000000010 b g_appletProxySession
000000000003f448 0000000000000010 b g_appletSrv
000000000003f458 0000000000000004 V __nx_applet_exit_mode
000000000003f460 0000000000000008 V __nx_applet_PerformanceConfiguration
000000000003f468 0000000000000080 V __nx_applet_AppletAttribute
000000000003f4e8 0000000000000004 b g_hosVersion
000000000003f4f0 0000000000000008 b g_userIdStorage
000000000003f500 0000000000000010 b g_randomSeed
000000000003f510 0000000000000001 b g_hasRandomSeed
000000000003f514 0000000000000004 b g_lastLoadResult
000000000003f518 0000000000000008 b g_nextLoadArgv
000000000003f520 0000000000000008 b g_nextLoadPath
000000000003f528 0000000000000004 b g_processHandle
000000000003f530 0000000000000018 b g_syscallHints
000000000003f548 0000000000000008 b g_overrideArgv
000000000003f550 0000000000000008 b g_overrideHeapSize
000000000003f558 0000000000000008 b g_overrideHeapAddr
000000000003f560 0000000000000008 b g_loaderRetAddr
000000000003f568 0000000000000004 b g_mainThreadHandle
000000000003f570 0000000000000008 b g_loaderInfoSize
000000000003f578 0000000000000008 b g_loaderInfo
000000000003f580 0000000000000001 b g_isNso
000000000003f581 0000000000000001 b didFirstConsoleInit.0
000000000003f590 0000000000000068 b escapeSeq
000000000003f5f8 0000000000000050 b currentCopy
000000000003f650 0000000000002800 b fsdev_fsdevices
0000000000041e50 0000000000000004 b fsdev_fsdevice_cwd
0000000000041e54 0000000000000001 b fsdev_initialised
0000000000041e58 B __stack_top
0000000000041e60 0000000000000001 b g_IsLegacyKernel
0000000000041e68 0000000000000008 b g_Reservations
0000000000041e70 0000000000000010 b g_StackRegion
0000000000041e80 0000000000000010 b g_AslrRegion
0000000000041e90 0000000000000010 b g_HeapRegion
0000000000041ea0 0000000000000010 b g_AliasRegion
0000000000041eb0 0000000000000004 b g_VirtmemMutex
0000000000041eb4 0000000000000004 b g_randMutex
0000000000041eb8 0000000000000001 b g_randInit
0000000000041ec0 0000000000000040 b g_chacha
0000000000041f00 0000000000000008 b g_apmGuard
0000000000041f08 0000000000000010 b g_apmISession
0000000000041f18 0000000000000010 b g_apmSrv
0000000000041f28 0000000000000008 b g_fsGuard
0000000000041f30 0000000000000054 b g_fsSessionMgr
0000000000041f88 0000000000000010 b g_fsSrv
0000000000041f98 0000000000000008 b g_smGuard
0000000000041fa0 0000000000000008 b g_smOverridesNum
0000000000041fa8 0000000000000180 b g_smOverrides
0000000000042128 0000000000000010 b g_smSrv
0000000000042138 0000000000000008 b g_timeGuard
0000000000042140 0000000000000020 b g_timeSharedmem
0000000000042160 0000000000000010 b g_timeLocalSystemClock
0000000000042170 0000000000000010 b g_timeTimeZoneService
0000000000042180 0000000000000010 b g_timeSteadyClock
0000000000042190 0000000000000010 b g_timeNetworkSystemClock
00000000000421a0 0000000000000010 b g_timeUserSystemClock
00000000000421b0 0000000000000010 b g_timeSrv
00000000000421c0 0000000000000004 V __nx_time_service_type
00000000000421c8 0000000000000008 b g_hidGuard
00000000000421d0 0000000000000008 b g_sevenSixAxisSensorBuffer
00000000000421d8 0000000000000020 b g_hidSharedmem
00000000000421f8 0000000000000010 b g_hidIActiveVibrationDeviceList
0000000000042208 0000000000000010 b g_hidIAppletResource
0000000000042218 0000000000000010 b g_hidSrv
0000000000042228 0000000000000080 b g_defaultWin
00000000000422a8 0000000000000010 b g_viLayer
00000000000422b8 0000000000000050 b g_viDisplay
0000000000042310 0000000000000340 B __nx_exceptiondump
0000000000042650 0000000000000004 V __nx_exception_ignoredebug
0000000000042660 0000000000000400 V __nx_exception_stack
0000000000042a60 0000000000000008 V __nx_heap_size
0000000000042a68 0000000000000008 b __bootticks
0000000000042a70 0000000000000008 b __boottime
0000000000042a78 0000000000000004 V __nx_time_type
0000000000042a80 0000000000000008 b g_argv_empty
0000000000042a88 0000000000000008 B __system_argv
0000000000042a90 0000000000000004 B __system_argc
0000000000042aa0 0000000000000038 b g_mainThread
0000000000042ad8 0000000000000008 b g_threadList
0000000000042ae0 0000000000000004 b g_threadMutex
0000000000042ae8 0000000000000008 b g_viGuard
0000000000042af0 0000000000000010 b g_viIHOSBinderDriverIndirect
0000000000042b00 0000000000000010 b g_viIManagerDisplayService
0000000000042b10 0000000000000010 b g_viISystemDisplayService
0000000000042b20 0000000000000010 b g_viIHOSBinderDriverRelay
0000000000042b30 0000000000000010 b g_viIApplicationDisplayService
0000000000042b40 0000000000000010 b g_viRootService
0000000000042b50 0000000000000008 V __nx_vi_layer_id
0000000000042b58 0000000000000008 b g_setsysGuard
0000000000042b60 0000000000000010 b g_setsysSrv
0000000000042b70 0000000000000008 b g_nvGuard
0000000000042b78 0000000000000028 b g_nvTransfermem
0000000000042ba0 0000000000000010 b g_nvSrvClone
0000000000042bb0 0000000000000010 b g_nvSrv
0000000000042bc0 0000000000000008 b g_nvFenceGuard
0000000000042bc8 0000000000000300 b g_NvEvents
0000000000042ec8 0000000000000008 b g_NvEventUsedMask
0000000000042ed0 0000000000000008 b g_nvMapGuard
0000000000042ed8 0000000000000004 B __nxlink_host
0000000000042ee0 000000000000000c b __sfp_recursive_mutex
0000000000042ef0 0000000000000228 B __sf
0000000000043118 0000000000000008 B __stdio_exit_handler
0000000000043120 0000000000000050 B __malloc_current_mallinfo
0000000000043170 0000000000000008 B __malloc_max_total_mem
0000000000043178 0000000000000008 B __malloc_max_sbrked_mem
0000000000043180 0000000000000008 B __malloc_top_pad
0000000000043188 000000000000000c b __malloc_recursive_mutex
0000000000043194 0000000000000004 b alloced.0
0000000000043198 000000000000000c b __env_recursive_mutex
00000000000431a8 0000000000000008 b initial_env
00000000000431b0 0000000000000400 b temp_cwd
00000000000435b0 0000000000000004 b __hndl_lock
00000000000435b8 0000000000000008 B fake_heap_start
00000000000435c0 0000000000000008 B fake_heap_end
00000000000435c8 0000000000000008 b heap_start.0
00000000000435d0 b __tls_start
00000000000439e0 b __bss_end__
00000000000439e0 b __end__
00000000000439e0 b __tls_end
0000000000044000 b __argdata__
